app/build/intermediates/manifest_merge_blame_file/debug/manifest-merger-blame-debug-report.txt
1<?xml version="1.0" encoding="utf-8"?>
2<manifest xmlns:android="http://schemas.android.com/apk/res/android"
3    package="com.solinftec.exemploleituraescrita"
4    android:versionCode="1"
5    android:versionName="1.0" >
6
7    <uses-sdk
8        android:minSdkVersion="23"
8-->src\main\AndroidManifest.xml
9        android:targetSdkVersion="29" />
9-->src\main\AndroidManifest.xml
10
11    <uses-permission android:name="android.permission.READ_EXTERNAL_STORAGE" />
11-->src\main\AndroidManifest.xml:5:5-80
11-->src\main\AndroidManifest.xml:5:22-77
12    <uses-permission android:name="android.permission.WRITE_EXTERNAL_STORAGE" />
12-->src\main\AndroidManifest.xml:6:5-81
12-->src\main\AndroidManifest.xml:6:22-78
13
14    <uses-feature android:name="android.hardware.usb.host" />
14-->src\main\AndroidManifest.xml:8:5-61
14-->src\main\AndroidManifest.xml:8:19-59
15    <uses-feature
15-->src\main\AndroidManifest.xml:9:5-99
16        android:name="android.hardware.sensor.accelerometer"
16-->src\main\AndroidManifest.xml:9:19-71
17        android:required="false" />
17-->src\main\AndroidManifest.xml:9:72-96
18    <uses-feature
18-->src\main\AndroidManifest.xml:11:5-13:36
19        android:name="android.hardware.touchscreen"
19-->src\main\AndroidManifest.xml:12:9-52
20        android:required="false" />
20-->src\main\AndroidManifest.xml:13:9-33
21    <uses-feature
21-->src\main\AndroidManifest.xml:14:5-16:36
22        android:name="android.software.leanback"
22-->src\main\AndroidManifest.xml:15:9-49
23        android:required="false" />
23-->src\main\AndroidManifest.xml:16:9-33
24
25    <application
25-->src\main\AndroidManifest.xml:18:5-53:19
26        android:allowBackup="true"
26-->src\main\AndroidManifest.xml:19:9-35
27        android:appComponentFactory="androidx.core.app.CoreComponentFactory"
27-->[androidx.core:core:1.1.0] AndroidManifest.xml:24:18-86
28        android:banner="@drawable/banner"
28-->src\main\AndroidManifest.xml:21:9-42
29        android:debuggable="true"
30        android:extractNativeLibs="false"
31        android:icon="@mipmap/ic_launcher"
31-->src\main\AndroidManifest.xml:20:9-43
32        android:label="@string/app_name"
32-->src\main\AndroidManifest.xml:22:9-41
33        android:roundIcon="@mipmap/ic_launcher_round"
33-->src\main\AndroidManifest.xml:23:9-54
34        android:testOnly="true"
35        android:theme="@style/AppTheme" >
35-->src\main\AndroidManifest.xml:24:9-40
36        <activity android:name="com.solinftec.exemploleituraescrita.MainActivity" >
36-->src\main\AndroidManifest.xml:25:9-40:20
36-->src\main\AndroidManifest.xml:25:19-47
37            <intent-filter>
37-->src\main\AndroidManifest.xml:26:13-31:29
38                <action android:name="android.intent.action.MAIN" />
38-->src\main\AndroidManifest.xml:27:17-69
38-->src\main\AndroidManifest.xml:27:25-66
39
40                <category android:name="android.intent.category.LAUNCHER" />
40-->src\main\AndroidManifest.xml:29:17-77
40-->src\main\AndroidManifest.xml:29:27-74
41            </intent-filter>
42            <intent-filter>
42-->src\main\AndroidManifest.xml:33:13-35:29
43                <action android:name="android.hardware.usb.action.USB_DEVICE_ATTACHED" />
43-->src\main\AndroidManifest.xml:34:17-89
43-->src\main\AndroidManifest.xml:34:25-87
44            </intent-filter>
45
46            <meta-data
46-->src\main\AndroidManifest.xml:37:13-38:56
47                android:name="android.hardware.usb.action.USB_DEVICE_ATTACHED"
47-->src\main\AndroidManifest.xml:37:24-86
48                android:resource="@xml/device_filter" />
48-->src\main\AndroidManifest.xml:38:17-54
49        </activity>
50        <activity
50-->src\main\AndroidManifest.xml:42:9-52:20
51            android:name="com.solinftec.exemploleituraescrita.TVMainActivity"
51-->src\main\AndroidManifest.xml:43:13-43
52            android:label="@string/app_name"
52-->src\main\AndroidManifest.xml:44:13-45
53            android:noHistory="true" >
53-->src\main\AndroidManifest.xml:45:13-37
54            <intent-filter>
54-->src\main\AndroidManifest.xml:47:13-50:29
55                <action android:name="android.intent.action.MAIN" />
55-->src\main\AndroidManifest.xml:27:17-69
55-->src\main\AndroidManifest.xml:27:25-66
56
57                <category android:name="android.intent.category.LEANBACK_LAUNCHER" />
57-->src\main\AndroidManifest.xml:49:17-86
57-->src\main\AndroidManifest.xml:49:27-83
58            </intent-filter>
59        </activity>
60    </application>
61
62</manifest>